 INFO               2016-08-29 13:49:24.7053               ----------------------
 INFO               2016-08-29 13:49:25.0110               ----------------------
 INFO               2016-08-29 13:49:25.0110               ----------------------
 INFO               2016-08-29 13:49:25.0160               Application start went succesfully
 INFO               2016-08-29 13:49:25.1701               >>>> Application : WAMS
 INFO               2016-08-29 13:49:25.1731               >>>> Enviroment : Development
 INFO               2016-08-29 13:49:25.1731               >>>> root-path : C:\Users\Max\Desktop\WAMS\src\WAMS
 INFO               2016-08-29 13:49:25.1731               ----------------------
 INFO               2016-08-29 13:49:25.1731               ----------------------
 INFO               2016-08-29 13:49:25.1731               ----------------------
 INFO               2016-08-29 13:50:25.2927               PlanWorker Elapsed successfully !
 INFO               2016-08-29 15:17:07.4047               ----------------------
 INFO               2016-08-29 15:17:07.5069               ----------------------
 INFO               2016-08-29 15:17:07.5069               ----------------------
 INFO               2016-08-29 15:17:07.5069               Application start went succesfully
 INFO               2016-08-29 15:17:07.6511               >>>> Application : WAMS
 INFO               2016-08-29 15:17:07.6511               >>>> Enviroment : Development
 INFO               2016-08-29 15:17:07.6511               >>>> root-path : C:\Users\Max\Desktop\WAMS\src\WAMS
 INFO               2016-08-29 15:17:07.6511               ----------------------
 INFO               2016-08-29 15:17:07.6581               ----------------------
 INFO               2016-08-29 15:17:07.6581               ----------------------
 INFO               2016-08-29 15:18:07.7252               PlanWorker Elapsed successfully !
