 INFO               2016-08-28 11:35:49.0649               ----------------------
 INFO               2016-08-28 11:35:50.6680               ----------------------
 INFO               2016-08-28 11:35:50.6680               ----------------------
 INFO               2016-08-28 11:35:50.6720               Application start went succesfully
 INFO               2016-08-28 11:35:50.8654               >>>> Application : WAMS
 INFO               2016-08-28 11:35:50.8654               >>>> Enviroment : Development
 INFO               2016-08-28 11:35:50.8654               >>>> root-path : C:\Users\Max\Desktop\WAMS\src\WAMS
 INFO               2016-08-28 11:35:50.8654               ----------------------
 INFO               2016-08-28 11:35:50.8654               ----------------------
 INFO               2016-08-28 11:35:50.8654               ----------------------
 INFO               2016-08-28 11:36:51.0168               PlanWorker Elapsed successfully !
 INFO               2016-08-28 14:58:52.6962               ----------------------
 INFO               2016-08-28 14:58:52.8426               ----------------------
 INFO               2016-08-28 14:58:52.8637               ----------------------
 INFO               2016-08-28 14:58:52.8637               Application start went succesfully
 INFO               2016-08-28 14:58:53.0764               >>>> Application : WAMS
 INFO               2016-08-28 14:58:53.0784               >>>> Enviroment : Development
 INFO               2016-08-28 14:58:53.0995               >>>> root-path : C:\Users\Max\Desktop\WAMS\src\WAMS
 INFO               2016-08-28 14:58:53.0995               ----------------------
 INFO               2016-08-28 14:58:53.0995               ----------------------
 INFO               2016-08-28 14:58:53.0995               ----------------------
 INFO               2016-08-28 14:59:53.2488               PlanWorker Elapsed successfully !
