 INFO               2016-08-26 12:40:20.1412               ----------------------
 INFO               2016-08-26 12:40:20.8156               ----------------------
 INFO               2016-08-26 12:40:20.8156               ----------------------
 INFO               2016-08-26 12:40:20.8156               Application start went succesfully
 INFO               2016-08-26 12:40:21.8191               >>>> Application : WAMS
 INFO               2016-08-26 12:40:21.8191               >>>> Enviroment : Development
 INFO               2016-08-26 12:40:21.8191               >>>> root-path : C:\Users\Max\Desktop\WAMS\src\WAMS
 INFO               2016-08-26 12:40:21.8191               ----------------------
 INFO               2016-08-26 12:40:21.8191               ----------------------
 INFO               2016-08-26 12:40:21.8251               ----------------------
 INFO               2016-08-26 12:42:43.4722               PlanWorker Elapsed successfully !
 INFO               2016-08-26 15:01:08.6357               ----------------------
 INFO               2016-08-26 15:01:08.7267               ----------------------
 INFO               2016-08-26 15:01:08.7688               ----------------------
 INFO               2016-08-26 15:01:08.7688               Application start went succesfully
 INFO               2016-08-26 15:01:08.8928               >>>> Application : WAMS
 INFO               2016-08-26 15:01:08.8928               >>>> Enviroment : Development
 INFO               2016-08-26 15:01:08.8928               >>>> root-path : C:\Users\Max\Desktop\WAMS\src\WAMS
 INFO               2016-08-26 15:01:08.8928               ----------------------
 INFO               2016-08-26 15:01:08.8928               ----------------------
 INFO               2016-08-26 15:01:08.9229               ----------------------
 INFO               2016-08-26 15:03:14.2041               PlanWorker Elapsed successfully !
 INFO               2016-08-26 15:30:26.7318               ----------------------
 INFO               2016-08-26 15:30:26.9074               ----------------------
 INFO               2016-08-26 15:30:26.9074               ----------------------
 INFO               2016-08-26 15:30:26.9074               Application start went succesfully
 INFO               2016-08-26 15:30:27.2776               >>>> Application : WAMS
 INFO               2016-08-26 15:30:27.2836               >>>> Enviroment : Development
 INFO               2016-08-26 15:30:27.2836               >>>> root-path : C:\Users\Max\Desktop\WAMS\src\WAMS
 INFO               2016-08-26 15:30:27.2836               ----------------------
 INFO               2016-08-26 15:30:27.2836               ----------------------
 INFO               2016-08-26 15:30:27.2836               ----------------------
 INFO               2016-08-26 15:31:27.7964               PlanWorker Elapsed successfully !
 INFO               2016-08-26 15:41:29.7038               ----------------------
 INFO               2016-08-26 15:41:29.8210               ----------------------
 INFO               2016-08-26 15:41:29.8620               ----------------------
 INFO               2016-08-26 15:41:29.8620               Application start went succesfully
 INFO               2016-08-26 15:41:30.0721               >>>> Application : WAMS
 INFO               2016-08-26 15:41:30.0721               >>>> Enviroment : Development
 INFO               2016-08-26 15:41:30.0751               >>>> root-path : C:\Users\Max\Desktop\WAMS\src\WAMS
 INFO               2016-08-26 15:41:30.0751               ----------------------
 INFO               2016-08-26 15:41:30.0751               ----------------------
 INFO               2016-08-26 15:41:30.0751               ----------------------
 INFO               2016-08-26 15:42:30.2023               PlanWorker Elapsed successfully !
 INFO               2016-08-26 15:50:38.0611               ----------------------
 INFO               2016-08-26 15:50:38.3445               ----------------------
 INFO               2016-08-26 15:50:38.3445               ----------------------
 INFO               2016-08-26 15:50:38.3445               Application start went succesfully
 INFO               2016-08-26 15:50:38.5831               >>>> Application : WAMS
 INFO               2016-08-26 15:50:38.5831               >>>> Enviroment : Development
 INFO               2016-08-26 15:50:38.5831               >>>> root-path : C:\Users\Max\Desktop\WAMS\src\WAMS
 INFO               2016-08-26 15:50:38.5831               ----------------------
 INFO               2016-08-26 15:50:38.5921               ----------------------
 INFO               2016-08-26 15:50:38.5921               ----------------------
 INFO               2016-08-26 15:51:38.8157               PlanWorker Elapsed successfully !
 INFO               2016-08-26 16:10:21.6147               ----------------------
 INFO               2016-08-26 16:10:21.7178               ----------------------
 INFO               2016-08-26 16:10:21.7178               ----------------------
 INFO               2016-08-26 16:10:21.7178               Application start went succesfully
 INFO               2016-08-26 16:10:21.8339               >>>> Application : WAMS
 INFO               2016-08-26 16:10:21.8339               >>>> Enviroment : Development
 INFO               2016-08-26 16:10:21.8339               >>>> root-path : C:\Users\Max\Desktop\WAMS\src\WAMS
 INFO               2016-08-26 16:10:21.8449               ----------------------
 INFO               2016-08-26 16:10:21.8449               ----------------------
 INFO               2016-08-26 16:10:21.8449               ----------------------
